<?xml version="1.0" encoding="UTF-8"?>
<testng-results skipped="0" failed="0" ignored="0" total="3" passed="3">
  <reporter-output>
  </reporter-output>
  <suite name="Default suite" duration-ms="60097" started-at="2018-09-15T11:04:17Z" finished-at="2018-09-15T11:05:17Z">
    <groups>
    </groups>
    <test name="Default test" duration-ms="60097" started-at="2018-09-15T11:04:17Z" finished-at="2018-09-15T11:05:17Z">
      <class name="com.crm.qa.testcases.HomePageTest">
        <test-method status="PASS" signature="setUp()[pri:0, instance:com.crm.qa.testcases.HomePageTest@146ba0ac]" name="setUp" is-config="true" duration-ms="22864" started-at="2018-09-15T11:04:17Z" finished-at="2018-09-15T11:04:39Z">
          <reporter-output>
          </reporter-output>
        </test-method> <!-- setUp -->
        <test-method status="PASS" signature="verifyHomePageTitleTest()[pri:1, instance:com.crm.qa.testcases.HomePageTest@146ba0ac]" name="verifyHomePageTitleTest" duration-ms="17" started-at="2018-09-15T11:04:39Z" finished-at="2018-09-15T11:04:39Z">
          <reporter-output>
          </reporter-output>
        </test-method> <!-- verifyHomePageTitleTest -->
        <test-method status="PASS" signature="tearDown()[pri:0, instance:com.crm.qa.testcases.HomePageTest@146ba0ac]" name="tearDown" is-config="true" duration-ms="846" started-at="2018-09-15T11:04:39Z" finished-at="2018-09-15T11:04:40Z">
          <reporter-output>
          </reporter-output>
        </test-method> <!-- tearDown -->
        <test-method status="PASS" signature="setUp()[pri:0, instance:com.crm.qa.testcases.HomePageTest@146ba0ac]" name="setUp" is-config="true" duration-ms="16303" started-at="2018-09-15T11:04:40Z" finished-at="2018-09-15T11:04:57Z">
          <reporter-output>
          </reporter-output>
        </test-method> <!-- setUp -->
        <test-method status="PASS" signature="verifyUsernameTest()[pri:2, instance:com.crm.qa.testcases.HomePageTest@146ba0ac]" name="verifyUsernameTest" duration-ms="273" started-at="2018-09-15T11:04:57Z" finished-at="2018-09-15T11:04:57Z">
          <reporter-output>
          </reporter-output>
        </test-method> <!-- verifyUsernameTest -->
        <test-method status="PASS" signature="tearDown()[pri:0, instance:com.crm.qa.testcases.HomePageTest@146ba0ac]" name="tearDown" is-config="true" duration-ms="1049" started-at="2018-09-15T11:04:57Z" finished-at="2018-09-15T11:04:58Z">
          <reporter-output>
          </reporter-output>
        </test-method> <!-- tearDown -->
        <test-method status="PASS" signature="setUp()[pri:0, instance:com.crm.qa.testcases.HomePageTest@146ba0ac]" name="setUp" is-config="true" duration-ms="15962" started-at="2018-09-15T11:04:58Z" finished-at="2018-09-15T11:05:14Z">
          <reporter-output>
          </reporter-output>
        </test-method> <!-- setUp -->
        <test-method status="PASS" signature="verifyContactsLLinkTest()[pri:3, instance:com.crm.qa.testcases.HomePageTest@146ba0ac]" name="verifyContactsLLinkTest" duration-ms="1975" started-at="2018-09-15T11:05:14Z" finished-at="2018-09-15T11:05:16Z">
          <reporter-output>
          </reporter-output>
        </test-method> <!-- verifyContactsLLinkTest -->
        <test-method status="PASS" signature="tearDown()[pri:0, instance:com.crm.qa.testcases.HomePageTest@146ba0ac]" name="tearDown" is-config="true" duration-ms="772" started-at="2018-09-15T11:05:16Z" finished-at="2018-09-15T11:05:17Z">
          <reporter-output>
          </reporter-output>
        </test-method> <!-- tearDown -->
      </class> <!-- com.crm.qa.testcases.HomePageTest -->
    </test> <!-- Default test -->
  </suite> <!-- Default suite -->
</testng-results>
