<?xml version="1.0" encoding="UTF-8"?>
<!-- Generated by org.testng.reporters.JUnitXMLReporter -->
<testsuite hostname="AkshayPatole" ignored="0" name="Default test" tests="3" failures="0" timestamp="15 Sep 2018 11:05:17 GMT" time="60.097" errors="0">
  <testcase name="verifyHomePageTitleTest" time="0.017" classname="com.crm.qa.testcases.HomePageTest"/>
  <testcase name="verifyUsernameTest" time="0.273" classname="com.crm.qa.testcases.HomePageTest"/>
  <testcase name="verifyContactsLLinkTest" time="1.975" classname="com.crm.qa.testcases.HomePageTest"/>
</testsuite> <!-- Default test -->
